[20:47:45] [main/INFO]: Reloading ResourceManager: Default, bukkit
[20:47:46] [Worker-Main-14/INFO]: Loaded 7 recipes
[20:47:51] [Server thread/INFO]: Starting minecraft server version 1.16.5
[20:47:51] [Server thread/INFO]: Loading properties
[20:47:51] [Server thread/INFO]: This server is running CraftBukkit version 3096a-Spigot-9fb885e-af1a232 (MC: 1.16.5) (Implementing API version 1.16.5-R0.1-SNAPSHOT)
[20:47:52] [Server thread/INFO]: Using 4 threads for Netty based IO
[20:47:52] [Server thread/INFO]: Server Ping Player Sample Count: 12
[20:47:52] [Server thread/INFO]: Debug logging is disabled
[20:47:52] [Server thread/INFO]: Default game type: SURVIVAL
[20:47:52] [Server thread/INFO]: Generating keypair
[20:47:52] [Server thread/INFO]: Starting Minecraft server on *:25565
[20:47:52] [Server thread/INFO]: Using default channel type
[20:47:55] [Server thread/WARN]: Initializing Legacy Material Support. Unless you have legacy plugins and/or data this is a bug!
[20:48:03] [Server thread/WARN]: Legacy plugin KKSHmc v0.0.1 does not specify an api-version.
[20:48:03] [Server thread/INFO]: [KKSHmc] Loading KKSHmc v0.0.1
[20:48:03] [Server thread/INFO]: Preparing level "world"
[20:48:03] [Server thread/INFO]: -------- World Settings For [world] --------
[20:48:03] [Server thread/INFO]: Cactus Growth Modifier: 100%
[20:48:03] [Server thread/INFO]: Cane Growth Modifier: 100%
[20:48:03] [Server thread/INFO]: Melon Growth Modifier: 100%
[20:48:03] [Server thread/INFO]: Mushroom Growth Modifier: 100%
[20:48:03] [Server thread/INFO]: Pumpkin Growth Modifier: 100%
[20:48:03] [Server thread/INFO]: Sapling Growth Modifier: 100%
[20:48:03] [Server thread/INFO]: Beetroot Growth Modifier: 100%
[20:48:03] [Server thread/INFO]: Carrot Growth Modifier: 100%
[20:48:03] [Server thread/INFO]: Potato Growth Modifier: 100%
[20:48:03] [Server thread/INFO]: Wheat Growth Modifier: 100%
[20:48:03] [Server thread/INFO]: NetherWart Growth Modifier: 100%
[20:48:03] [Server thread/INFO]: Vine Growth Modifier: 100%
[20:48:03] [Server thread/INFO]: Cocoa Growth Modifier: 100%
[20:48:03] [Server thread/INFO]: Bamboo Growth Modifier: 100%
[20:48:03] [Server thread/INFO]: SweetBerry Growth Modifier: 100%
[20:48:03] [Server thread/INFO]: Kelp Growth Modifier: 100%
[20:48:03] [Server thread/INFO]: Item Merge Radius: 2.5
[20:48:03] [Server thread/INFO]: Experience Merge Radius: 3.0
[20:48:03] [Server thread/INFO]: View Distance: 10
[20:48:03] [Server thread/INFO]: Mob Spawn Range: 6
[20:48:03] [Server thread/INFO]: Item Despawn Rate: 6000
[20:48:03] [Server thread/INFO]: Entity Activation Range: An 32 / Mo 32 / Ra 48 / Mi 16 / Tiv true
[20:48:03] [Server thread/INFO]: Entity Tracking Range: Pl 48 / An 48 / Mo 48 / Mi 32 / Other 64
[20:48:03] [Server thread/INFO]: Hopper Transfer: 8 Hopper Check: 1 Hopper Amount: 1
[20:48:03] [Server thread/INFO]: Arrow Despawn Rate: 1200 Trident Respawn Rate:1200
[20:48:03] [Server thread/INFO]: Zombie Aggressive Towards Villager: true
[20:48:03] [Server thread/INFO]: Nerfing mobs spawned from spawners: false
[20:48:03] [Server thread/INFO]: Allow Zombie Pigmen to spawn from portal blocks: true
[20:48:04] [Server thread/INFO]: Custom Map Seeds:  Village: 10387312 Desert: 14357617 Igloo: 14357618 Jungle: 14357619 Swamp: 14357620 Monument: 10387313 Ocean: 14357621 Shipwreck: 165745295 End City: 10387313 Slime: 987234911 Bastion: 30084232 Fortress: 30084232 Mansion: 10387319 Fossil: 14357921 Portal: 34222645
[20:48:04] [Server thread/INFO]: Max TNT Explosions: 100
[20:48:04] [Server thread/INFO]: Tile Max Tick Time: 50ms Entity max Tick Time: 50ms
[20:48:04] [Server thread/INFO]: -------- World Settings For [world_nether] --------
[20:48:04] [Server thread/INFO]: Cactus Growth Modifier: 100%
[20:48:04] [Server thread/INFO]: Cane Growth Modifier: 100%
[20:48:04] [Server thread/INFO]: Melon Growth Modifier: 100%
[20:48:04] [Server thread/INFO]: Mushroom Growth Modifier: 100%
[20:48:04] [Server thread/INFO]: Pumpkin Growth Modifier: 100%
[20:48:04] [Server thread/INFO]: Sapling Growth Modifier: 100%
[20:48:04] [Server thread/INFO]: Beetroot Growth Modifier: 100%
[20:48:04] [Server thread/INFO]: Carrot Growth Modifier: 100%
[20:48:04] [Server thread/INFO]: Potato Growth Modifier: 100%
[20:48:04] [Server thread/INFO]: Wheat Growth Modifier: 100%
[20:48:04] [Server thread/INFO]: NetherWart Growth Modifier: 100%
[20:48:04] [Server thread/INFO]: Vine Growth Modifier: 100%
[20:48:04] [Server thread/INFO]: Cocoa Growth Modifier: 100%
[20:48:04] [Server thread/INFO]: Bamboo Growth Modifier: 100%
[20:48:04] [Server thread/INFO]: SweetBerry Growth Modifier: 100%
[20:48:04] [Server thread/INFO]: Kelp Growth Modifier: 100%
[20:48:04] [Server thread/INFO]: Item Merge Radius: 2.5
[20:48:04] [Server thread/INFO]: Experience Merge Radius: 3.0
[20:48:04] [Server thread/INFO]: View Distance: 10
[20:48:04] [Server thread/INFO]: Mob Spawn Range: 6
[20:48:04] [Server thread/INFO]: Item Despawn Rate: 6000
[20:48:04] [Server thread/INFO]: Entity Activation Range: An 32 / Mo 32 / Ra 48 / Mi 16 / Tiv true
[20:48:04] [Server thread/INFO]: Entity Tracking Range: Pl 48 / An 48 / Mo 48 / Mi 32 / Other 64
[20:48:04] [Server thread/INFO]: Hopper Transfer: 8 Hopper Check: 1 Hopper Amount: 1
[20:48:04] [Server thread/INFO]: Arrow Despawn Rate: 1200 Trident Respawn Rate:1200
[20:48:04] [Server thread/INFO]: Zombie Aggressive Towards Villager: true
[20:48:04] [Server thread/INFO]: Nerfing mobs spawned from spawners: false
[20:48:04] [Server thread/INFO]: Allow Zombie Pigmen to spawn from portal blocks: true
[20:48:04] [Server thread/INFO]: Custom Map Seeds:  Village: 10387312 Desert: 14357617 Igloo: 14357618 Jungle: 14357619 Swamp: 14357620 Monument: 10387313 Ocean: 14357621 Shipwreck: 165745295 End City: 10387313 Slime: 987234911 Bastion: 30084232 Fortress: 30084232 Mansion: 10387319 Fossil: 14357921 Portal: 34222645
[20:48:04] [Server thread/INFO]: Max TNT Explosions: 100
[20:48:04] [Server thread/INFO]: Tile Max Tick Time: 50ms Entity max Tick Time: 50ms
[20:48:04] [Server thread/INFO]: -------- World Settings For [world_the_end] --------
[20:48:04] [Server thread/INFO]: Cactus Growth Modifier: 100%
[20:48:04] [Server thread/INFO]: Cane Growth Modifier: 100%
[20:48:04] [Server thread/INFO]: Melon Growth Modifier: 100%
[20:48:04] [Server thread/INFO]: Mushroom Growth Modifier: 100%
[20:48:04] [Server thread/INFO]: Pumpkin Growth Modifier: 100%
[20:48:04] [Server thread/INFO]: Sapling Growth Modifier: 100%
[20:48:04] [Server thread/INFO]: Beetroot Growth Modifier: 100%
[20:48:04] [Server thread/INFO]: Carrot Growth Modifier: 100%
[20:48:04] [Server thread/INFO]: Potato Growth Modifier: 100%
[20:48:04] [Server thread/INFO]: Wheat Growth Modifier: 100%
[20:48:04] [Server thread/INFO]: NetherWart Growth Modifier: 100%
[20:48:04] [Server thread/INFO]: Vine Growth Modifier: 100%
[20:48:04] [Server thread/INFO]: Cocoa Growth Modifier: 100%
[20:48:04] [Server thread/INFO]: Bamboo Growth Modifier: 100%
[20:48:04] [Server thread/INFO]: SweetBerry Growth Modifier: 100%
[20:48:04] [Server thread/INFO]: Kelp Growth Modifier: 100%
[20:48:04] [Server thread/INFO]: Item Merge Radius: 2.5
[20:48:04] [Server thread/INFO]: Experience Merge Radius: 3.0
[20:48:04] [Server thread/INFO]: View Distance: 10
[20:48:04] [Server thread/INFO]: Mob Spawn Range: 6
[20:48:04] [Server thread/INFO]: Item Despawn Rate: 6000
[20:48:04] [Server thread/INFO]: Entity Activation Range: An 32 / Mo 32 / Ra 48 / Mi 16 / Tiv true
[20:48:04] [Server thread/INFO]: Entity Tracking Range: Pl 48 / An 48 / Mo 48 / Mi 32 / Other 64
[20:48:04] [Server thread/INFO]: Hopper Transfer: 8 Hopper Check: 1 Hopper Amount: 1
[20:48:04] [Server thread/INFO]: Arrow Despawn Rate: 1200 Trident Respawn Rate:1200
[20:48:04] [Server thread/INFO]: Zombie Aggressive Towards Villager: true
[20:48:04] [Server thread/INFO]: Nerfing mobs spawned from spawners: false
[20:48:04] [Server thread/INFO]: Allow Zombie Pigmen to spawn from portal blocks: true
[20:48:04] [Server thread/INFO]: Custom Map Seeds:  Village: 10387312 Desert: 14357617 Igloo: 14357618 Jungle: 14357619 Swamp: 14357620 Monument: 10387313 Ocean: 14357621 Shipwreck: 165745295 End City: 10387313 Slime: 987234911 Bastion: 30084232 Fortress: 30084232 Mansion: 10387319 Fossil: 14357921 Portal: 34222645
[20:48:04] [Server thread/INFO]: Max TNT Explosions: 100
[20:48:04] [Server thread/INFO]: Tile Max Tick Time: 50ms Entity max Tick Time: 50ms
[20:48:04] [Server thread/INFO]: Preparing start region for dimension minecraft:overworld
[20:48:09] [Server thread/INFO]: Preparing spawn area: 0%
[20:48:09] [Server thread/INFO]: Preparing spawn area: 0%
[20:48:09] [Server thread/INFO]: Preparing spawn area: 0%
[20:48:09] [Server thread/INFO]: Preparing spawn area: 0%
[20:48:09] [Server thread/INFO]: Preparing spawn area: 0%
[20:48:09] [Server thread/INFO]: Preparing spawn area: 0%
[20:48:09] [Server thread/INFO]: Preparing spawn area: 0%
[20:48:09] [Server thread/INFO]: Preparing spawn area: 0%
[20:48:09] [Server thread/INFO]: Preparing spawn area: 0%
[20:48:09] [Server thread/INFO]: Preparing spawn area: 0%
[20:48:09] [Worker-Main-8/INFO]: Preparing spawn area: 0%
[20:48:10] [Server thread/INFO]: Preparing spawn area: 0%
[20:48:10] [Server thread/INFO]: Preparing spawn area: 0%
[20:48:10] [Server thread/INFO]: Preparing spawn area: 65%
[20:48:15] [Worker-Main-12/INFO]: Preparing spawn area: 83%
[20:48:15] [Worker-Main-12/INFO]: Preparing spawn area: 83%
[20:48:15] [Worker-Main-12/INFO]: Preparing spawn area: 83%
[20:48:15] [Worker-Main-12/INFO]: Preparing spawn area: 83%
[20:48:15] [Worker-Main-13/INFO]: Preparing spawn area: 83%
[20:48:15] [Worker-Main-12/INFO]: Preparing spawn area: 83%
[20:48:15] [Worker-Main-13/INFO]: Preparing spawn area: 83%
[20:48:15] [Worker-Main-12/INFO]: Preparing spawn area: 83%
[20:48:15] [Worker-Main-13/INFO]: Preparing spawn area: 83%
[20:48:16] [Worker-Main-12/INFO]: Preparing spawn area: 83%
[20:48:16] [Worker-Main-11/INFO]: Preparing spawn area: 83%
[20:48:16] [Worker-Main-11/INFO]: Preparing spawn area: 83%
[20:48:17] [Worker-Main-9/INFO]: Preparing spawn area: 83%
[20:48:17] [Worker-Main-9/INFO]: Preparing spawn area: 83%
[20:48:18] [Worker-Main-10/INFO]: Preparing spawn area: 83%
[20:48:18] [Worker-Main-12/INFO]: Preparing spawn area: 83%
[20:48:19] [Worker-Main-11/INFO]: Preparing spawn area: 83%
[20:48:20] [Worker-Main-11/INFO]: Preparing spawn area: 84%
[20:48:20] [Worker-Main-13/INFO]: Preparing spawn area: 84%
[20:48:20] [Server thread/INFO]: Preparing spawn area: 84%
[20:48:21] [Server thread/INFO]: Preparing spawn area: 85%
[20:48:21] [Worker-Main-11/INFO]: Preparing spawn area: 85%
[20:48:22] [Worker-Main-9/INFO]: Preparing spawn area: 85%
[20:48:22] [Worker-Main-9/INFO]: Preparing spawn area: 85%
[20:48:23] [Worker-Main-9/INFO]: Preparing spawn area: 86%
[20:48:23] [Worker-Main-14/INFO]: Preparing spawn area: 87%
[20:48:24] [Worker-Main-13/INFO]: Preparing spawn area: 92%
[20:48:24] [Worker-Main-8/INFO]: Preparing spawn area: 95%
[20:48:25] [Server thread/INFO]: Preparing spawn area: 99%
[20:48:25] [Server thread/INFO]: Time elapsed: 21123 ms
[20:48:25] [Server thread/INFO]: Preparing start region for dimension minecraft:the_nether
[20:48:27] [Server thread/INFO]: Preparing spawn area: 0%
[20:48:27] [Server thread/INFO]: Preparing spawn area: 0%
[20:48:27] [Server thread/INFO]: Preparing spawn area: 0%
[20:48:27] [Server thread/INFO]: Preparing spawn area: 0%
[20:48:27] [Server thread/INFO]: Preparing spawn area: 0%
[20:48:28] [Server thread/INFO]: Preparing spawn area: 0%
[20:48:28] [Worker-Main-12/INFO]: Preparing spawn area: 83%
[20:48:29] [Worker-Main-10/INFO]: Preparing spawn area: 83%
[20:48:29] [Worker-Main-12/INFO]: Preparing spawn area: 83%
[20:48:30] [Worker-Main-10/INFO]: Preparing spawn area: 83%
[20:48:30] [Worker-Main-14/INFO]: Preparing spawn area: 83%
[20:48:31] [Worker-Main-9/INFO]: Preparing spawn area: 83%
[20:48:31] [Worker-Main-12/INFO]: Preparing spawn area: 83%
[20:48:32] [Worker-Main-12/INFO]: Preparing spawn area: 83%
[20:48:32] [Worker-Main-11/INFO]: Preparing spawn area: 83%
[20:48:33] [Worker-Main-9/INFO]: Preparing spawn area: 83%
[20:48:33] [Worker-Main-11/INFO]: Preparing spawn area: 88%
[20:48:34] [Worker-Main-9/INFO]: Preparing spawn area: 91%
[20:48:34] [Worker-Main-14/INFO]: Preparing spawn area: 94%
[20:48:35] [Worker-Main-9/INFO]: Preparing spawn area: 95%
[20:48:35] [Worker-Main-12/INFO]: Preparing spawn area: 99%
[20:48:35] [Server thread/INFO]: Time elapsed: 10118 ms
[20:48:35] [Server thread/INFO]: Preparing start region for dimension minecraft:the_end
[20:48:36] [Server thread/INFO]: Preparing spawn area: 0%
[20:48:36] [Worker-Main-11/INFO]: Preparing spawn area: 83%
[20:48:36] [Worker-Main-10/INFO]: Preparing spawn area: 86%
[20:48:36] [Server thread/INFO]: Time elapsed: 1289 ms
[20:48:36] [Server thread/INFO]: [KKSHmc] Enabling KKSHmc v0.0.1
[20:48:36] [Server thread/INFO]: [hellomc插件已经加载成功！作者:yps，qq:730463885]
[20:48:37] [Server thread/INFO]: Server permissions file permissions.yml is empty, ignoring it
[20:48:37] [Server thread/INFO]: Done (33.212s)! For help, type "help"
[20:50:31] [User Authenticator #1/INFO]: UUID of player XiaoYang23333 is 20636ed4-cfac-4935-b9f2-d96531a97abd
[20:50:31] [Server thread/INFO]: XiaoYang23333[/127.0.0.1:57042] logged in with entity id 145 at ([world]33.5, 64.0, 54.5)
[20:51:11] [Server thread/INFO]: XiaoYang23333 lost connection: Disconnected
[20:51:11] [Server thread/INFO]: XiaoYang23333 left the game
[20:51:25] [Server thread/INFO]: Stopping the server
[20:51:25] [Server thread/INFO]: Stopping server
[20:51:25] [Server thread/INFO]: [KKSHmc] Disabling KKSHmc v0.0.1
[20:51:25] [Server thread/INFO]: [hellomc插件已经关闭作者:yps，qq:730463885]
[20:51:25] [Server thread/INFO]: Saving players
[20:51:25] [Server thread/INFO]: Saving worlds
[20:51:25] [Server thread/INFO]: Saving chunks for level 'ServerLevel[world]'/minecraft:overworld
[20:51:26] [Server thread/INFO]: ThreadedAnvilChunkStorage (world): All chunks are saved
[20:51:26] [Server thread/INFO]: Saving chunks for level 'ServerLevel[world_nether]'/minecraft:the_nether
[20:51:27] [Server thread/INFO]: ThreadedAnvilChunkStorage (DIM-1): All chunks are saved
[20:51:27] [Server thread/INFO]: Saving chunks for level 'ServerLevel[world_the_end]'/minecraft:the_end
[20:51:27] [Server thread/INFO]: ThreadedAnvilChunkStorage (DIM1): All chunks are saved
[20:51:27] [Server thread/INFO]: ThreadedAnvilChunkStorage (world): All chunks are saved
[20:51:27] [Server thread/INFO]: ThreadedAnvilChunkStorage (DIM-1): All chunks are saved
[20:51:27] [Server thread/INFO]: ThreadedAnvilChunkStorage (DIM1): All chunks are saved
