[21:19:23] [main/INFO]: Environment: authHost='https://authserver.mojang.com', accountsHost='https://api.mojang.com', sessionHost='https://sessionserver.mojang.com', servicesHost='https://api.minecraftservices.com', name='PROD'
[21:19:24] [main/INFO]: Reloading ResourceManager: Default, bukkit
[21:19:25] [Worker-Main-13/INFO]: Loaded 7 recipes
[21:19:29] [Server thread/INFO]: Starting minecraft server version 1.16.5
[21:19:29] [Server thread/INFO]: Loading properties
[21:19:30] [Server thread/INFO]: This server is running CraftBukkit version 3096a-Spigot-9fb885e-af1a232 (MC: 1.16.5) (Implementing API version 1.16.5-R0.1-SNAPSHOT)
[21:19:30] [Server thread/INFO]: Using 4 threads for Netty based IO
[21:19:30] [Server thread/INFO]: Server Ping Player Sample Count: 12
[21:19:30] [Server thread/INFO]: Debug logging is disabled
[21:19:30] [Server thread/INFO]: Default game type: SURVIVAL
[21:19:30] [Server thread/INFO]: Generating keypair
[21:19:30] [Server thread/INFO]: Starting Minecraft server on *:25565
[21:19:30] [Server thread/INFO]: Using default channel type
[21:19:33] [Server thread/WARN]: Initializing Legacy Material Support. Unless you have legacy plugins and/or data this is a bug!
[21:19:43] [Server thread/WARN]: Legacy plugin hello v0.0.1 does not specify an api-version.
[21:19:43] [Server thread/ERROR]: Could not load 'plugins\第一个插件.jar' in folder 'plugins'
org.bukkit.plugin.InvalidPluginException: java.lang.UnsupportedClassVersionError: JVMCFRE003 主要版本错误；类=com/yps01/hello，偏移量=6
	at org.bukkit.plugin.java.JavaPluginLoader.loadPlugin(JavaPluginLoader.java:149) ~[spigot-1.16.5.jar:3096a-Spigot-9fb885e-af1a232]
	at org.bukkit.plugin.SimplePluginManager.loadPlugin(SimplePluginManager.java:394) ~[spigot-1.16.5.jar:3096a-Spigot-9fb885e-af1a232]
	at org.bukkit.plugin.SimplePluginManager.loadPlugins(SimplePluginManager.java:301) [spigot-1.16.5.jar:3096a-Spigot-9fb885e-af1a232]
	at org.bukkit.craftbukkit.v1_16_R3.CraftServer.loadPlugins(CraftServer.java:381) [spigot-1.16.5.jar:3096a-Spigot-9fb885e-af1a232]
	at net.minecraft.server.v1_16_R3.DedicatedServer.init(DedicatedServer.java:224) [spigot-1.16.5.jar:3096a-Spigot-9fb885e-af1a232]
	at net.minecraft.server.v1_16_R3.MinecraftServer.w(MinecraftServer.java:928) [spigot-1.16.5.jar:3096a-Spigot-9fb885e-af1a232]
	at net.minecraft.server.v1_16_R3.MinecraftServer.lambda$0(MinecraftServer.java:273) [spigot-1.16.5.jar:3096a-Spigot-9fb885e-af1a232]
	at net.minecraft.server.v1_16_R3.MinecraftServer$$Lambda$3281/0x0000000000000000.run(Unknown Source) [spigot-1.16.5.jar:3096a-Spigot-9fb885e-af1a232]
	at java.lang.Thread.run(Thread.java:836) [?:?]
Caused by: java.lang.UnsupportedClassVersionError: JVMCFRE003 主要版本错误；类=com/yps01/hello，偏移量=6
	at java.lang.ClassLoader.defineClassImpl(Native Method) ~[?:?]
	at java.lang.ClassLoader.defineClassInternal(ClassLoader.java:481) ~[?:?]
	at java.lang.ClassLoader.defineClass(ClassLoader.java:442) ~[?:?]
	at java.security.SecureClassLoader.defineClass(SecureClassLoader.java:174) ~[?:?]
	at org.bukkit.plugin.java.PluginClassLoader.findClass(PluginClassLoader.java:186) ~[spigot-1.16.5.jar:3096a-Spigot-9fb885e-af1a232]
	at java.lang.ClassLoader.loadClassHelper(ClassLoader.java:1185) ~[?:?]
	at java.lang.ClassLoader.loadClass(ClassLoader.java:1100) ~[?:?]
	at org.bukkit.plugin.java.PluginClassLoader.loadClass0(PluginClassLoader.java:104) ~[spigot-1.16.5.jar:3096a-Spigot-9fb885e-af1a232]
	at org.bukkit.plugin.java.PluginClassLoader.loadClass(PluginClassLoader.java:99) ~[spigot-1.16.5.jar:3096a-Spigot-9fb885e-af1a232]
	at java.lang.ClassLoader.loadClass(ClassLoader.java:1083) ~[?:?]
	at java.lang.Class.forNameImpl(Native Method) ~[?:?]
	at java.lang.Class.forName(Class.java:413) ~[?:?]
	at org.bukkit.plugin.java.PluginClassLoader.<init>(PluginClassLoader.java:67) ~[spigot-1.16.5.jar:3096a-Spigot-9fb885e-af1a232]
	at org.bukkit.plugin.java.JavaPluginLoader.loadPlugin(JavaPluginLoader.java:145) ~[spigot-1.16.5.jar:3096a-Spigot-9fb885e-af1a232]
	... 8 more
[21:19:43] [Server thread/INFO]: Preparing level "world"
[21:19:43] [Server thread/INFO]: -------- World Settings For [world] --------
[21:19:43] [Server thread/INFO]: Cactus Growth Modifier: 100%
[21:19:43] [Server thread/INFO]: Cane Growth Modifier: 100%
[21:19:43] [Server thread/INFO]: Melon Growth Modifier: 100%
[21:19:43] [Server thread/INFO]: Mushroom Growth Modifier: 100%
[21:19:43] [Server thread/INFO]: Pumpkin Growth Modifier: 100%
[21:19:43] [Server thread/INFO]: Sapling Growth Modifier: 100%
[21:19:43] [Server thread/INFO]: Beetroot Growth Modifier: 100%
[21:19:43] [Server thread/INFO]: Carrot Growth Modifier: 100%
[21:19:43] [Server thread/INFO]: Potato Growth Modifier: 100%
[21:19:43] [Server thread/INFO]: Wheat Growth Modifier: 100%
[21:19:43] [Server thread/INFO]: NetherWart Growth Modifier: 100%
[21:19:43] [Server thread/INFO]: Vine Growth Modifier: 100%
[21:19:43] [Server thread/INFO]: Cocoa Growth Modifier: 100%
[21:19:43] [Server thread/INFO]: Bamboo Growth Modifier: 100%
[21:19:43] [Server thread/INFO]: SweetBerry Growth Modifier: 100%
[21:19:43] [Server thread/INFO]: Kelp Growth Modifier: 100%
[21:19:43] [Server thread/INFO]: Item Merge Radius: 2.5
[21:19:43] [Server thread/INFO]: Experience Merge Radius: 3.0
[21:19:43] [Server thread/INFO]: View Distance: 10
[21:19:43] [Server thread/INFO]: Mob Spawn Range: 6
[21:19:43] [Server thread/INFO]: Item Despawn Rate: 6000
[21:19:43] [Server thread/INFO]: Entity Activation Range: An 32 / Mo 32 / Ra 48 / Mi 16 / Tiv true
[21:19:43] [Server thread/INFO]: Entity Tracking Range: Pl 48 / An 48 / Mo 48 / Mi 32 / Other 64
[21:19:43] [Server thread/INFO]: Hopper Transfer: 8 Hopper Check: 1 Hopper Amount: 1
[21:19:43] [Server thread/INFO]: Arrow Despawn Rate: 1200 Trident Respawn Rate:1200
[21:19:43] [Server thread/INFO]: Zombie Aggressive Towards Villager: true
[21:19:43] [Server thread/INFO]: Nerfing mobs spawned from spawners: false
[21:19:43] [Server thread/INFO]: Allow Zombie Pigmen to spawn from portal blocks: true
[21:19:43] [Server thread/INFO]: Custom Map Seeds:  Village: 10387312 Desert: 14357617 Igloo: 14357618 Jungle: 14357619 Swamp: 14357620 Monument: 10387313 Ocean: 14357621 Shipwreck: 165745295 End City: 10387313 Slime: 987234911 Bastion: 30084232 Fortress: 30084232 Mansion: 10387319 Fossil: 14357921 Portal: 34222645
[21:19:43] [Server thread/INFO]: Max TNT Explosions: 100
[21:19:43] [Server thread/INFO]: Tile Max Tick Time: 50ms Entity max Tick Time: 50ms
[21:19:43] [Server thread/INFO]: -------- World Settings For [world_nether] --------
[21:19:43] [Server thread/INFO]: Cactus Growth Modifier: 100%
[21:19:43] [Server thread/INFO]: Cane Growth Modifier: 100%
[21:19:43] [Server thread/INFO]: Melon Growth Modifier: 100%
[21:19:43] [Server thread/INFO]: Mushroom Growth Modifier: 100%
[21:19:43] [Server thread/INFO]: Pumpkin Growth Modifier: 100%
[21:19:43] [Server thread/INFO]: Sapling Growth Modifier: 100%
[21:19:43] [Server thread/INFO]: Beetroot Growth Modifier: 100%
[21:19:43] [Server thread/INFO]: Carrot Growth Modifier: 100%
[21:19:43] [Server thread/INFO]: Potato Growth Modifier: 100%
[21:19:43] [Server thread/INFO]: Wheat Growth Modifier: 100%
[21:19:43] [Server thread/INFO]: NetherWart Growth Modifier: 100%
[21:19:43] [Server thread/INFO]: Vine Growth Modifier: 100%
[21:19:43] [Server thread/INFO]: Cocoa Growth Modifier: 100%
[21:19:43] [Server thread/INFO]: Bamboo Growth Modifier: 100%
[21:19:43] [Server thread/INFO]: SweetBerry Growth Modifier: 100%
[21:19:43] [Server thread/INFO]: Kelp Growth Modifier: 100%
[21:19:43] [Server thread/INFO]: Item Merge Radius: 2.5
[21:19:43] [Server thread/INFO]: Experience Merge Radius: 3.0
[21:19:43] [Server thread/INFO]: View Distance: 10
[21:19:43] [Server thread/INFO]: Mob Spawn Range: 6
[21:19:43] [Server thread/INFO]: Item Despawn Rate: 6000
[21:19:43] [Server thread/INFO]: Entity Activation Range: An 32 / Mo 32 / Ra 48 / Mi 16 / Tiv true
[21:19:43] [Server thread/INFO]: Entity Tracking Range: Pl 48 / An 48 / Mo 48 / Mi 32 / Other 64
[21:19:43] [Server thread/INFO]: Hopper Transfer: 8 Hopper Check: 1 Hopper Amount: 1
[21:19:43] [Server thread/INFO]: Arrow Despawn Rate: 1200 Trident Respawn Rate:1200
[21:19:43] [Server thread/INFO]: Zombie Aggressive Towards Villager: true
[21:19:43] [Server thread/INFO]: Nerfing mobs spawned from spawners: false
[21:19:43] [Server thread/INFO]: Allow Zombie Pigmen to spawn from portal blocks: true
[21:19:43] [Server thread/INFO]: Custom Map Seeds:  Village: 10387312 Desert: 14357617 Igloo: 14357618 Jungle: 14357619 Swamp: 14357620 Monument: 10387313 Ocean: 14357621 Shipwreck: 165745295 End City: 10387313 Slime: 987234911 Bastion: 30084232 Fortress: 30084232 Mansion: 10387319 Fossil: 14357921 Portal: 34222645
[21:19:43] [Server thread/INFO]: Max TNT Explosions: 100
[21:19:43] [Server thread/INFO]: Tile Max Tick Time: 50ms Entity max Tick Time: 50ms
[21:19:43] [Server thread/INFO]: -------- World Settings For [world_the_end] --------
[21:19:43] [Server thread/INFO]: Cactus Growth Modifier: 100%
[21:19:43] [Server thread/INFO]: Cane Growth Modifier: 100%
[21:19:43] [Server thread/INFO]: Melon Growth Modifier: 100%
[21:19:43] [Server thread/INFO]: Mushroom Growth Modifier: 100%
[21:19:43] [Server thread/INFO]: Pumpkin Growth Modifier: 100%
[21:19:43] [Server thread/INFO]: Sapling Growth Modifier: 100%
[21:19:43] [Server thread/INFO]: Beetroot Growth Modifier: 100%
[21:19:43] [Server thread/INFO]: Carrot Growth Modifier: 100%
[21:19:43] [Server thread/INFO]: Potato Growth Modifier: 100%
[21:19:43] [Server thread/INFO]: Wheat Growth Modifier: 100%
[21:19:43] [Server thread/INFO]: NetherWart Growth Modifier: 100%
[21:19:43] [Server thread/INFO]: Vine Growth Modifier: 100%
[21:19:43] [Server thread/INFO]: Cocoa Growth Modifier: 100%
[21:19:43] [Server thread/INFO]: Bamboo Growth Modifier: 100%
[21:19:43] [Server thread/INFO]: SweetBerry Growth Modifier: 100%
[21:19:43] [Server thread/INFO]: Kelp Growth Modifier: 100%
[21:19:43] [Server thread/INFO]: Item Merge Radius: 2.5
[21:19:43] [Server thread/INFO]: Experience Merge Radius: 3.0
[21:19:43] [Server thread/INFO]: View Distance: 10
[21:19:43] [Server thread/INFO]: Mob Spawn Range: 6
[21:19:43] [Server thread/INFO]: Item Despawn Rate: 6000
[21:19:43] [Server thread/INFO]: Entity Activation Range: An 32 / Mo 32 / Ra 48 / Mi 16 / Tiv true
[21:19:43] [Server thread/INFO]: Entity Tracking Range: Pl 48 / An 48 / Mo 48 / Mi 32 / Other 64
[21:19:43] [Server thread/INFO]: Hopper Transfer: 8 Hopper Check: 1 Hopper Amount: 1
[21:19:43] [Server thread/INFO]: Arrow Despawn Rate: 1200 Trident Respawn Rate:1200
[21:19:43] [Server thread/INFO]: Zombie Aggressive Towards Villager: true
[21:19:43] [Server thread/INFO]: Nerfing mobs spawned from spawners: false
[21:19:43] [Server thread/INFO]: Allow Zombie Pigmen to spawn from portal blocks: true
[21:19:43] [Server thread/INFO]: Custom Map Seeds:  Village: 10387312 Desert: 14357617 Igloo: 14357618 Jungle: 14357619 Swamp: 14357620 Monument: 10387313 Ocean: 14357621 Shipwreck: 165745295 End City: 10387313 Slime: 987234911 Bastion: 30084232 Fortress: 30084232 Mansion: 10387319 Fossil: 14357921 Portal: 34222645
[21:19:43] [Server thread/INFO]: Max TNT Explosions: 100
[21:19:43] [Server thread/INFO]: Tile Max Tick Time: 50ms Entity max Tick Time: 50ms
[21:19:43] [Server thread/INFO]: Preparing start region for dimension minecraft:overworld
[21:19:48] [Server thread/INFO]: Preparing spawn area: 0%
[21:19:48] [Server thread/INFO]: Preparing spawn area: 0%
[21:19:48] [Server thread/INFO]: Preparing spawn area: 0%
[21:19:48] [Server thread/INFO]: Preparing spawn area: 0%
[21:19:48] [Server thread/INFO]: Preparing spawn area: 0%
[21:19:48] [Server thread/INFO]: Preparing spawn area: 0%
[21:19:48] [Server thread/INFO]: Preparing spawn area: 0%
[21:19:48] [Server thread/INFO]: Preparing spawn area: 0%
[21:19:48] [Server thread/INFO]: Preparing spawn area: 0%
[21:19:48] [Server thread/INFO]: Preparing spawn area: 0%
[21:19:49] [Server thread/INFO]: Preparing spawn area: 0%
[21:19:49] [Server thread/INFO]: Preparing spawn area: 0%
[21:19:50] [Server thread/INFO]: Preparing spawn area: 22%
[21:19:55] [Worker-Main-14/INFO]: Preparing spawn area: 83%
[21:19:55] [Worker-Main-8/INFO]: Preparing spawn area: 83%
[21:19:55] [Worker-Main-14/INFO]: Preparing spawn area: 83%
[21:19:55] [Worker-Main-14/INFO]: Preparing spawn area: 83%
[21:19:55] [Worker-Main-8/INFO]: Preparing spawn area: 83%
[21:19:55] [Worker-Main-14/INFO]: Preparing spawn area: 83%
[21:19:55] [Worker-Main-8/INFO]: Preparing spawn area: 83%
[21:19:55] [Worker-Main-14/INFO]: Preparing spawn area: 83%
[21:19:55] [Worker-Main-8/INFO]: Preparing spawn area: 83%
[21:19:55] [Worker-Main-8/INFO]: Preparing spawn area: 83%
[21:19:55] [Worker-Main-11/INFO]: Preparing spawn area: 83%
[21:19:55] [Worker-Main-8/INFO]: Preparing spawn area: 83%
[21:19:56] [Worker-Main-13/INFO]: Preparing spawn area: 83%
[21:19:56] [Worker-Main-10/INFO]: Preparing spawn area: 83%
[21:19:57] [Worker-Main-11/INFO]: Preparing spawn area: 83%
[21:19:57] [Worker-Main-12/INFO]: Preparing spawn area: 83%
[21:19:58] [Worker-Main-10/INFO]: Preparing spawn area: 83%
[21:19:58] [Worker-Main-8/INFO]: Preparing spawn area: 83%
[21:19:59] [Worker-Main-11/INFO]: Preparing spawn area: 83%
[21:19:59] [Worker-Main-11/INFO]: Preparing spawn area: 85%
[21:20:00] [Worker-Main-10/INFO]: Preparing spawn area: 85%
[21:20:00] [Server thread/INFO]: Preparing spawn area: 86%
[21:20:01] [Worker-Main-10/INFO]: Preparing spawn area: 88%
[21:20:01] [Worker-Main-9/INFO]: Preparing spawn area: 88%
[21:20:02] [Worker-Main-11/INFO]: Preparing spawn area: 90%
[21:20:03] [Server thread/INFO]: Preparing spawn area: 92%
[21:20:03] [Server thread/INFO]: Preparing spawn area: 96%
[21:20:03] [Server thread/INFO]: Time elapsed: 19843 ms
[21:20:03] [Server thread/INFO]: Preparing start region for dimension minecraft:the_nether
[21:20:05] [Server thread/INFO]: Preparing spawn area: 0%
[21:20:05] [Server thread/INFO]: Preparing spawn area: 0%
[21:20:05] [Server thread/INFO]: Preparing spawn area: 0%
[21:20:05] [Server thread/INFO]: Preparing spawn area: 0%
[21:20:05] [Server thread/INFO]: Preparing spawn area: 0%
[21:20:06] [Worker-Main-12/INFO]: Preparing spawn area: 83%
[21:20:06] [Worker-Main-10/INFO]: Preparing spawn area: 83%
[21:20:07] [Worker-Main-13/INFO]: Preparing spawn area: 83%
[21:20:07] [Worker-Main-12/INFO]: Preparing spawn area: 83%
[21:20:08] [Worker-Main-14/INFO]: Preparing spawn area: 83%
[21:20:08] [Worker-Main-9/INFO]: Preparing spawn area: 83%
[21:20:09] [Worker-Main-9/INFO]: Preparing spawn area: 83%
[21:20:09] [Worker-Main-10/INFO]: Preparing spawn area: 85%
[21:20:10] [Server thread/INFO]: Preparing spawn area: 87%
[21:20:10] [Worker-Main-8/INFO]: Preparing spawn area: 88%
[21:20:11] [Worker-Main-13/INFO]: Preparing spawn area: 88%
[21:20:11] [Worker-Main-10/INFO]: Preparing spawn area: 93%
[21:20:11] [Server thread/INFO]: Time elapsed: 8162 ms
[21:20:11] [Server thread/INFO]: Preparing start region for dimension minecraft:the_end
[21:20:12] [Server thread/INFO]: Preparing spawn area: 0%
[21:20:12] [Worker-Main-13/INFO]: Preparing spawn area: 83%
[21:20:12] [Worker-Main-8/INFO]: Preparing spawn area: 93%
[21:20:13] [Server thread/INFO]: Time elapsed: 1097 ms
[21:20:13] [Server thread/INFO]: Server permissions file permissions.yml is empty, ignoring it
[21:20:13] [Server thread/INFO]: Done (29.870s)! For help, type "help"
[21:20:13] [Server thread/INFO]: Plugins (0): 
[21:20:19] [Server thread/INFO]: Plugins (0): 
[21:20:20] [Server thread/INFO]: Stopping server
[21:20:20] [Server thread/INFO]: Saving players
[21:20:20] [Server thread/INFO]: Saving worlds
[21:20:20] [Server thread/INFO]: Saving chunks for level 'ServerLevel[world]'/minecraft:overworld
[21:20:21] [Server thread/INFO]: ThreadedAnvilChunkStorage (world): All chunks are saved
[21:20:21] [Server thread/INFO]: Saving chunks for level 'ServerLevel[world_nether]'/minecraft:the_nether
[21:20:22] [Server thread/INFO]: ThreadedAnvilChunkStorage (DIM-1): All chunks are saved
[21:20:22] [Server thread/INFO]: Saving chunks for level 'ServerLevel[world_the_end]'/minecraft:the_end
[21:20:22] [Server thread/INFO]: ThreadedAnvilChunkStorage (DIM1): All chunks are saved
[21:20:22] [Server thread/INFO]: ThreadedAnvilChunkStorage (world): All chunks are saved
[21:20:22] [Server thread/INFO]: ThreadedAnvilChunkStorage (DIM-1): All chunks are saved
[21:20:22] [Server thread/INFO]: ThreadedAnvilChunkStorage (DIM1): All chunks are saved
